<?xml version='1.0' encoding='UTF-8' ?>
<testsuite name="com.verto.app.data.sync.migration.LegacySyncV2MigrationResumeInstrumentedTest" tests="2" failures="0" errors="0" skipped="0" time="0.704" timestamp="2026-09-08T20:59:35" hostname="localhost">
  <properties>
    <property name="device" value="emulator-5554 - 15" />
    <property name="flavor" value="" />
    <property name="project" value=":data:sync" />
  </properties>
  <testcase name="interruptedJournalTransactionRollsBackThenPrepareResumes" classname="com.verto.app.data.sync.migration.LegacySyncV2MigrationResumeInstrumentedTest" time="0.26" />
  <testcase name="prepareIsDurableAndIdempotentAcrossDatabaseRestart" classname="com.verto.app.data.sync.migration.LegacySyncV2MigrationResumeInstrumentedTest" time="0.071" />
</testsuite>